                                      1 ;--------------------------------------------------------
                                      2 ; File Created by SDCC : free open source ANSI-C Compiler
                                      3 ; Version 4.1.6 #12539 (Linux)
                                      4 ;--------------------------------------------------------
                                      5 	.module simple_snake_tiles
                                      6 	.optsdcc -mgbz80
                                      7 	
                                      8 ;--------------------------------------------------------
                                      9 ; Public variables in this module
                                     10 ;--------------------------------------------------------
                                     11 	.globl _SimpleSnakeTiles
                                     12 ;--------------------------------------------------------
                                     13 ; special function registers
                                     14 ;--------------------------------------------------------
                                     15 ;--------------------------------------------------------
                                     16 ; ram data
                                     17 ;--------------------------------------------------------
                                     18 	.area _DATA
                                     19 ;--------------------------------------------------------
                                     20 ; ram data
                                     21 ;--------------------------------------------------------
                                     22 	.area _INITIALIZED
                                     23 ;--------------------------------------------------------
                                     24 ; absolute external ram data
                                     25 ;--------------------------------------------------------
                                     26 	.area _DABS (ABS)
                                     27 ;--------------------------------------------------------
                                     28 ; global & static initialisations
                                     29 ;--------------------------------------------------------
                                     30 	.area _HOME
                                     31 	.area _GSINIT
                                     32 	.area _GSFINAL
                                     33 	.area _GSINIT
                                     34 ;--------------------------------------------------------
                                     35 ; Home
                                     36 ;--------------------------------------------------------
                                     37 	.area _HOME
                                     38 	.area _HOME
                                     39 ;--------------------------------------------------------
                                     40 ; code
                                     41 ;--------------------------------------------------------
                                     42 	.area _CODE
                                     43 	.area _CODE
                           000000    44 G$SimpleSnakeTiles$0_0$0 == .
      000000                         45 _SimpleSnakeTiles:
      000000 00                      46 	.db #0x00	; 0
      000001 00                      47 	.db #0x00	; 0
      000002 00                      48 	.db #0x00	; 0
      000003 00                      49 	.db #0x00	; 0
      000004 00                      50 	.db #0x00	; 0
      000005 00                      51 	.db #0x00	; 0
      000006 00                      52 	.db #0x00	; 0
      000007 00                      53 	.db #0x00	; 0
      000008 00                      54 	.db #0x00	; 0
      000009 00                      55 	.db #0x00	; 0
      00000A 00                      56 	.db #0x00	; 0
      00000B 00                      57 	.db #0x00	; 0
      00000C 00                      58 	.db #0x00	; 0
      00000D 00                      59 	.db #0x00	; 0
      00000E 00                      60 	.db #0x00	; 0
      00000F 00                      61 	.db #0x00	; 0
      000010 00                      62 	.db #0x00	; 0
      000011 00                      63 	.db #0x00	; 0
      000012 00                      64 	.db #0x00	; 0
      000013 00                      65 	.db #0x00	; 0
      000014 00                      66 	.db #0x00	; 0
      000015 1F                      67 	.db #0x1f	; 31
      000016 04                      68 	.db #0x04	; 4
      000017 64                      69 	.db #0x64	; 100	'd'
      000018 C0                      70 	.db #0xc0	; 192
      000019 C0                      71 	.db #0xc0	; 192
      00001A 00                      72 	.db #0x00	; 0
      00001B 7F                      73 	.db #0x7f	; 127
      00001C 00                      74 	.db #0x00	; 0
      00001D 00                      75 	.db #0x00	; 0
      00001E 00                      76 	.db #0x00	; 0
      00001F 00                      77 	.db #0x00	; 0
      000020 00                      78 	.db #0x00	; 0
      000021 00                      79 	.db #0x00	; 0
      000022 00                      80 	.db #0x00	; 0
      000023 00                      81 	.db #0x00	; 0
      000024 00                      82 	.db #0x00	; 0
      000025 FF                      83 	.db #0xff	; 255
      000026 AA                      84 	.db #0xaa	; 170
      000027 00                      85 	.db #0x00	; 0
      000028 55                      86 	.db #0x55	; 85	'U'
      000029 00                      87 	.db #0x00	; 0
      00002A 00                      88 	.db #0x00	; 0
      00002B FF                      89 	.db #0xff	; 255
      00002C 00                      90 	.db #0x00	; 0
      00002D 00                      91 	.db #0x00	; 0
      00002E 00                      92 	.db #0x00	; 0
      00002F 00                      93 	.db #0x00	; 0
      000030 3C                      94 	.db #0x3c	; 60
      000031 3C                      95 	.db #0x3c	; 60
      000032 7A                      96 	.db #0x7a	; 122	'z'
      000033 46                      97 	.db #0x46	; 70	'F'
      000034 F1                      98 	.db #0xf1	; 241
      000035 8F                      99 	.db #0x8f	; 143
      000036 F1                     100 	.db #0xf1	; 241
      000037 8F                     101 	.db #0x8f	; 143
      000038 F1                     102 	.db #0xf1	; 241
      000039 8F                     103 	.db #0x8f	; 143
      00003A E1                     104 	.db #0xe1	; 225
      00003B 9F                     105 	.db #0x9f	; 159
      00003C 42                     106 	.db #0x42	; 66	'B'
      00003D 7E                     107 	.db #0x7e	; 126
      00003E 3C                     108 	.db #0x3c	; 60
      00003F 3C                     109 	.db #0x3c	; 60
      000040 10                     110 	.db #0x10	; 16
      000041 24                     111 	.db #0x24	; 36
      000042 08                     112 	.db #0x08	; 8
      000043 24                     113 	.db #0x24	; 36
      000044 10                     114 	.db #0x10	; 16
      000045 27                     115 	.db #0x27	; 39
      000046 0A                     116 	.db #0x0a	; 10
      000047 20                     117 	.db #0x20	; 32
      000048 05                     118 	.db #0x05	; 5
      000049 10                     119 	.db #0x10	; 16
      00004A 00                     120 	.db #0x00	; 0
      00004B 0F                     121 	.db #0x0f	; 15
      00004C 00                     122 	.db #0x00	; 0
      00004D 00                     123 	.db #0x00	; 0
      00004E 00                     124 	.db #0x00	; 0
      00004F 00                     125 	.db #0x00	; 0
      000050 10                     126 	.db #0x10	; 16
      000051 10                     127 	.db #0x10	; 16
      000052 10                     128 	.db #0x10	; 16
      000053 38                     129 	.db #0x38	; 56	'8'
      000054 00                     130 	.db #0x00	; 0
      000055 28                     131 	.db #0x28	; 40
      000056 00                     132 	.db #0x00	; 0
      000057 24                     133 	.db #0x24	; 36
      000058 00                     134 	.db #0x00	; 0
      000059 24                     135 	.db #0x24	; 36
      00005A 08                     136 	.db #0x08	; 8
      00005B 2C                     137 	.db #0x2c	; 44
      00005C 00                     138 	.db #0x00	; 0
      00005D 24                     139 	.db #0x24	; 36
      00005E 00                     140 	.db #0x00	; 0
      00005F 24                     141 	.db #0x24	; 36
      000060 10                     142 	.db #0x10	; 16
      000061 24                     143 	.db #0x24	; 36
      000062 08                     144 	.db #0x08	; 8
      000063 24                     145 	.db #0x24	; 36
      000064 10                     146 	.db #0x10	; 16
      000065 24                     147 	.db #0x24	; 36
      000066 08                     148 	.db #0x08	; 8
      000067 24                     149 	.db #0x24	; 36
      000068 10                     150 	.db #0x10	; 16
      000069 24                     151 	.db #0x24	; 36
      00006A 08                     152 	.db #0x08	; 8
      00006B 24                     153 	.db #0x24	; 36
      00006C 10                     154 	.db #0x10	; 16
      00006D 24                     155 	.db #0x24	; 36
      00006E 08                     156 	.db #0x08	; 8
      00006F 24                     157 	.db #0x24	; 36
      000070 00                     158 	.db #0x00	; 0
      000071 00                     159 	.db #0x00	; 0
      000072 00                     160 	.db #0x00	; 0
      000073 00                     161 	.db #0x00	; 0
      000074 00                     162 	.db #0x00	; 0
      000075 00                     163 	.db #0x00	; 0
      000076 00                     164 	.db #0x00	; 0
      000077 00                     165 	.db #0x00	; 0
      000078 00                     166 	.db #0x00	; 0
      000079 00                     167 	.db #0x00	; 0
      00007A 00                     168 	.db #0x00	; 0
      00007B 00                     169 	.db #0x00	; 0
      00007C 00                     170 	.db #0x00	; 0
      00007D 00                     171 	.db #0x00	; 0
      00007E 00                     172 	.db #0x00	; 0
      00007F 00                     173 	.db #0x00	; 0
      000080 00                     174 	.db #0x00	; 0
      000081 00                     175 	.db #0x00	; 0
      000082 00                     176 	.db #0x00	; 0
      000083 00                     177 	.db #0x00	; 0
      000084 00                     178 	.db #0x00	; 0
      000085 00                     179 	.db #0x00	; 0
      000086 00                     180 	.db #0x00	; 0
      000087 00                     181 	.db #0x00	; 0
      000088 00                     182 	.db #0x00	; 0
      000089 00                     183 	.db #0x00	; 0
      00008A 00                     184 	.db #0x00	; 0
      00008B 00                     185 	.db #0x00	; 0
      00008C 00                     186 	.db #0x00	; 0
      00008D 00                     187 	.db #0x00	; 0
      00008E 00                     188 	.db #0x00	; 0
      00008F 00                     189 	.db #0x00	; 0
      000090 00                     190 	.db #0x00	; 0
      000091 00                     191 	.db #0x00	; 0
      000092 00                     192 	.db #0x00	; 0
      000093 00                     193 	.db #0x00	; 0
      000094 00                     194 	.db #0x00	; 0
      000095 00                     195 	.db #0x00	; 0
      000096 00                     196 	.db #0x00	; 0
      000097 00                     197 	.db #0x00	; 0
      000098 00                     198 	.db #0x00	; 0
      000099 00                     199 	.db #0x00	; 0
      00009A 00                     200 	.db #0x00	; 0
      00009B 00                     201 	.db #0x00	; 0
      00009C 00                     202 	.db #0x00	; 0
      00009D 00                     203 	.db #0x00	; 0
      00009E 00                     204 	.db #0x00	; 0
      00009F 00                     205 	.db #0x00	; 0
      0000A0 00                     206 	.db #0x00	; 0
      0000A1 00                     207 	.db #0x00	; 0
      0000A2 00                     208 	.db #0x00	; 0
      0000A3 00                     209 	.db #0x00	; 0
      0000A4 00                     210 	.db #0x00	; 0
      0000A5 00                     211 	.db #0x00	; 0
      0000A6 00                     212 	.db #0x00	; 0
      0000A7 00                     213 	.db #0x00	; 0
      0000A8 00                     214 	.db #0x00	; 0
      0000A9 00                     215 	.db #0x00	; 0
      0000AA 00                     216 	.db #0x00	; 0
      0000AB 00                     217 	.db #0x00	; 0
      0000AC 00                     218 	.db #0x00	; 0
      0000AD 00                     219 	.db #0x00	; 0
      0000AE 00                     220 	.db #0x00	; 0
      0000AF 00                     221 	.db #0x00	; 0
                                    222 	.area _INITIALIZER
                                    223 	.area _CABS (ABS)
