                                      1 ;--------------------------------------------------------
                                      2 ; File Created by SDCC : free open source ANSI-C Compiler
                                      3 ; Version 4.1.6 #12539 (Linux)
                                      4 ;--------------------------------------------------------
                                      5 	.module snake_bg_tiles
                                      6 	.optsdcc -mgbz80
                                      7 	
                                      8 ;--------------------------------------------------------
                                      9 ; Public variables in this module
                                     10 ;--------------------------------------------------------
                                     11 	.globl _snake_bg_tiles
                                     12 	.globl _snake_bg_tilesCGB
                                     13 ;--------------------------------------------------------
                                     14 ; special function registers
                                     15 ;--------------------------------------------------------
                                     16 ;--------------------------------------------------------
                                     17 ; ram data
                                     18 ;--------------------------------------------------------
                                     19 	.area _DATA
                                     20 ;--------------------------------------------------------
                                     21 ; ram data
                                     22 ;--------------------------------------------------------
                                     23 	.area _INITIALIZED
                                     24 ;--------------------------------------------------------
                                     25 ; absolute external ram data
                                     26 ;--------------------------------------------------------
                                     27 	.area _DABS (ABS)
                                     28 ;--------------------------------------------------------
                                     29 ; global & static initialisations
                                     30 ;--------------------------------------------------------
                                     31 	.area _HOME
                                     32 	.area _GSINIT
                                     33 	.area _GSFINAL
                                     34 	.area _GSINIT
                                     35 ;--------------------------------------------------------
                                     36 ; Home
                                     37 ;--------------------------------------------------------
                                     38 	.area _HOME
                                     39 	.area _HOME
                                     40 ;--------------------------------------------------------
                                     41 ; code
                                     42 ;--------------------------------------------------------
                                     43 	.area _CODE
                                     44 	.area _CODE
                           000000    45 G$snake_bg_tilesCGB$0_0$0 == .
      000000                         46 _snake_bg_tilesCGB:
      000000 00                      47 	.db #0x00	; 0
      000001 00                      48 	.db #0x00	; 0
      000002 00                      49 	.db #0x00	; 0
      000003 00                      50 	.db #0x00	; 0
      000004 00                      51 	.db #0x00	; 0
      000005 00                      52 	.db #0x00	; 0
      000006 00                      53 	.db #0x00	; 0
      000007 00                      54 	.db #0x00	; 0
      000008 00                      55 	.db #0x00	; 0
      000009 00                      56 	.db #0x00	; 0
                           00000A    57 G$snake_bg_tiles$0_0$0 == .
      00000A                         58 _snake_bg_tiles:
      00000A 00                      59 	.db #0x00	; 0
      00000B 00                      60 	.db #0x00	; 0
      00000C 00                      61 	.db #0x00	; 0
      00000D 00                      62 	.db #0x00	; 0
      00000E 00                      63 	.db #0x00	; 0
      00000F 00                      64 	.db #0x00	; 0
      000010 00                      65 	.db #0x00	; 0
      000011 00                      66 	.db #0x00	; 0
      000012 00                      67 	.db #0x00	; 0
      000013 00                      68 	.db #0x00	; 0
      000014 00                      69 	.db #0x00	; 0
      000015 00                      70 	.db #0x00	; 0
      000016 00                      71 	.db #0x00	; 0
      000017 00                      72 	.db #0x00	; 0
      000018 00                      73 	.db #0x00	; 0
      000019 00                      74 	.db #0x00	; 0
      00001A 05                      75 	.db #0x05	; 5
      00001B 02                      76 	.db #0x02	; 2
      00001C 05                      77 	.db #0x05	; 5
      00001D 02                      78 	.db #0x02	; 2
      00001E 05                      79 	.db #0x05	; 5
      00001F 02                      80 	.db #0x02	; 2
      000020 05                      81 	.db #0x05	; 5
      000021 02                      82 	.db #0x02	; 2
      000022 05                      83 	.db #0x05	; 5
      000023 02                      84 	.db #0x02	; 2
      000024 05                      85 	.db #0x05	; 5
      000025 02                      86 	.db #0x02	; 2
      000026 05                      87 	.db #0x05	; 5
      000027 02                      88 	.db #0x02	; 2
      000028 05                      89 	.db #0x05	; 5
      000029 02                      90 	.db #0x02	; 2
      00002A 00                      91 	.db #0x00	; 0
      00002B 00                      92 	.db #0x00	; 0
      00002C 00                      93 	.db #0x00	; 0
      00002D 00                      94 	.db #0x00	; 0
      00002E 00                      95 	.db #0x00	; 0
      00002F 00                      96 	.db #0x00	; 0
      000030 00                      97 	.db #0x00	; 0
      000031 00                      98 	.db #0x00	; 0
      000032 00                      99 	.db #0x00	; 0
      000033 00                     100 	.db #0x00	; 0
      000034 07                     101 	.db #0x07	; 7
      000035 00                     102 	.db #0x00	; 0
      000036 04                     103 	.db #0x04	; 4
      000037 03                     104 	.db #0x03	; 3
      000038 05                     105 	.db #0x05	; 5
      000039 02                     106 	.db #0x02	; 2
      00003A 00                     107 	.db #0x00	; 0
      00003B 00                     108 	.db #0x00	; 0
      00003C 00                     109 	.db #0x00	; 0
      00003D 00                     110 	.db #0x00	; 0
      00003E 00                     111 	.db #0x00	; 0
      00003F 00                     112 	.db #0x00	; 0
      000040 00                     113 	.db #0x00	; 0
      000041 00                     114 	.db #0x00	; 0
      000042 00                     115 	.db #0x00	; 0
      000043 00                     116 	.db #0x00	; 0
      000044 FF                     117 	.db #0xff	; 255
      000045 00                     118 	.db #0x00	; 0
      000046 00                     119 	.db #0x00	; 0
      000047 FF                     120 	.db #0xff	; 255
      000048 FF                     121 	.db #0xff	; 255
      000049 00                     122 	.db #0x00	; 0
      00004A 00                     123 	.db #0x00	; 0
      00004B 00                     124 	.db #0x00	; 0
      00004C 00                     125 	.db #0x00	; 0
      00004D 00                     126 	.db #0x00	; 0
      00004E 00                     127 	.db #0x00	; 0
      00004F 00                     128 	.db #0x00	; 0
      000050 00                     129 	.db #0x00	; 0
      000051 00                     130 	.db #0x00	; 0
      000052 00                     131 	.db #0x00	; 0
      000053 00                     132 	.db #0x00	; 0
      000054 E0                     133 	.db #0xe0	; 224
      000055 00                     134 	.db #0x00	; 0
      000056 20                     135 	.db #0x20	; 32
      000057 C0                     136 	.db #0xc0	; 192
      000058 A0                     137 	.db #0xa0	; 160
      000059 40                     138 	.db #0x40	; 64
      00005A A0                     139 	.db #0xa0	; 160
      00005B 40                     140 	.db #0x40	; 64
      00005C A0                     141 	.db #0xa0	; 160
      00005D 40                     142 	.db #0x40	; 64
      00005E A0                     143 	.db #0xa0	; 160
      00005F 40                     144 	.db #0x40	; 64
      000060 A0                     145 	.db #0xa0	; 160
      000061 40                     146 	.db #0x40	; 64
      000062 A0                     147 	.db #0xa0	; 160
      000063 40                     148 	.db #0x40	; 64
      000064 A0                     149 	.db #0xa0	; 160
      000065 40                     150 	.db #0x40	; 64
      000066 A0                     151 	.db #0xa0	; 160
      000067 40                     152 	.db #0x40	; 64
      000068 A0                     153 	.db #0xa0	; 160
      000069 40                     154 	.db #0x40	; 64
      00006A A0                     155 	.db #0xa0	; 160
      00006B 40                     156 	.db #0x40	; 64
      00006C 20                     157 	.db #0x20	; 32
      00006D C0                     158 	.db #0xc0	; 192
      00006E E0                     159 	.db #0xe0	; 224
      00006F 00                     160 	.db #0x00	; 0
      000070 00                     161 	.db #0x00	; 0
      000071 00                     162 	.db #0x00	; 0
      000072 00                     163 	.db #0x00	; 0
      000073 00                     164 	.db #0x00	; 0
      000074 00                     165 	.db #0x00	; 0
      000075 00                     166 	.db #0x00	; 0
      000076 00                     167 	.db #0x00	; 0
      000077 00                     168 	.db #0x00	; 0
      000078 00                     169 	.db #0x00	; 0
      000079 00                     170 	.db #0x00	; 0
      00007A FF                     171 	.db #0xff	; 255
      00007B 00                     172 	.db #0x00	; 0
      00007C 00                     173 	.db #0x00	; 0
      00007D FF                     174 	.db #0xff	; 255
      00007E FF                     175 	.db #0xff	; 255
      00007F 00                     176 	.db #0x00	; 0
      000080 00                     177 	.db #0x00	; 0
      000081 00                     178 	.db #0x00	; 0
      000082 00                     179 	.db #0x00	; 0
      000083 00                     180 	.db #0x00	; 0
      000084 00                     181 	.db #0x00	; 0
      000085 00                     182 	.db #0x00	; 0
      000086 00                     183 	.db #0x00	; 0
      000087 00                     184 	.db #0x00	; 0
      000088 00                     185 	.db #0x00	; 0
      000089 00                     186 	.db #0x00	; 0
      00008A 05                     187 	.db #0x05	; 5
      00008B 02                     188 	.db #0x02	; 2
      00008C 04                     189 	.db #0x04	; 4
      00008D 03                     190 	.db #0x03	; 3
      00008E 07                     191 	.db #0x07	; 7
      00008F 00                     192 	.db #0x00	; 0
      000090 00                     193 	.db #0x00	; 0
      000091 00                     194 	.db #0x00	; 0
      000092 00                     195 	.db #0x00	; 0
      000093 00                     196 	.db #0x00	; 0
      000094 00                     197 	.db #0x00	; 0
      000095 00                     198 	.db #0x00	; 0
      000096 00                     199 	.db #0x00	; 0
      000097 00                     200 	.db #0x00	; 0
      000098 00                     201 	.db #0x00	; 0
      000099 00                     202 	.db #0x00	; 0
      00009A 00                     203 	.db #0x00	; 0
      00009B 00                     204 	.db #0x00	; 0
      00009C 00                     205 	.db #0x00	; 0
      00009D 00                     206 	.db #0x00	; 0
      00009E 00                     207 	.db #0x00	; 0
      00009F 00                     208 	.db #0x00	; 0
      0000A0 00                     209 	.db #0x00	; 0
      0000A1 00                     210 	.db #0x00	; 0
      0000A2 00                     211 	.db #0x00	; 0
      0000A3 00                     212 	.db #0x00	; 0
      0000A4 00                     213 	.db #0x00	; 0
      0000A5 00                     214 	.db #0x00	; 0
      0000A6 00                     215 	.db #0x00	; 0
      0000A7 00                     216 	.db #0x00	; 0
      0000A8 00                     217 	.db #0x00	; 0
      0000A9 00                     218 	.db #0x00	; 0
                                    219 	.area _INITIALIZER
                                    220 	.area _CABS (ABS)
