                                      1 ;--------------------------------------------------------
                                      2 ; File Created by SDCC : free open source ANSI-C Compiler
                                      3 ; Version 4.1.6 #12539 (Linux)
                                      4 ;--------------------------------------------------------
                                      5 	.module snake_bg
                                      6 	.optsdcc -mgbz80
                                      7 	
                                      8 ;--------------------------------------------------------
                                      9 ; Public variables in this module
                                     10 ;--------------------------------------------------------
                                     11 	.globl _snake_bg_map
                                     12 ;--------------------------------------------------------
                                     13 ; special function registers
                                     14 ;--------------------------------------------------------
                                     15 ;--------------------------------------------------------
                                     16 ; ram data
                                     17 ;--------------------------------------------------------
                                     18 	.area _DATA
                                     19 ;--------------------------------------------------------
                                     20 ; ram data
                                     21 ;--------------------------------------------------------
                                     22 	.area _INITIALIZED
                                     23 ;--------------------------------------------------------
                                     24 ; absolute external ram data
                                     25 ;--------------------------------------------------------
                                     26 	.area _DABS (ABS)
                                     27 ;--------------------------------------------------------
                                     28 ; global & static initialisations
                                     29 ;--------------------------------------------------------
                                     30 	.area _HOME
                                     31 	.area _GSINIT
                                     32 	.area _GSFINAL
                                     33 	.area _GSINIT
                                     34 ;--------------------------------------------------------
                                     35 ; Home
                                     36 ;--------------------------------------------------------
                                     37 	.area _HOME
                                     38 	.area _HOME
                                     39 ;--------------------------------------------------------
                                     40 ; code
                                     41 ;--------------------------------------------------------
                                     42 	.area _CODE
                                     43 	.area _CODE
                           000000    44 G$snake_bg_map$0_0$0 == .
      000000                         45 _snake_bg_map:
      000000 00                      46 	.db #0x00	; 0
      000001 00                      47 	.db #0x00	; 0
      000002 00                      48 	.db #0x00	; 0
      000003 00                      49 	.db #0x00	; 0
      000004 00                      50 	.db #0x00	; 0
      000005 00                      51 	.db #0x00	; 0
      000006 00                      52 	.db #0x00	; 0
      000007 00                      53 	.db #0x00	; 0
      000008 00                      54 	.db #0x00	; 0
      000009 00                      55 	.db #0x00	; 0
      00000A 00                      56 	.db #0x00	; 0
      00000B 00                      57 	.db #0x00	; 0
      00000C 00                      58 	.db #0x00	; 0
      00000D 00                      59 	.db #0x00	; 0
      00000E 00                      60 	.db #0x00	; 0
      00000F 00                      61 	.db #0x00	; 0
      000010 00                      62 	.db #0x00	; 0
      000011 00                      63 	.db #0x00	; 0
      000012 00                      64 	.db #0x00	; 0
      000013 00                      65 	.db #0x00	; 0
      000014 00                      66 	.db #0x00	; 0
      000015 00                      67 	.db #0x00	; 0
      000016 00                      68 	.db #0x00	; 0
      000017 00                      69 	.db #0x00	; 0
      000018 00                      70 	.db #0x00	; 0
      000019 00                      71 	.db #0x00	; 0
      00001A 00                      72 	.db #0x00	; 0
      00001B 00                      73 	.db #0x00	; 0
      00001C 00                      74 	.db #0x00	; 0
      00001D 00                      75 	.db #0x00	; 0
      00001E 00                      76 	.db #0x00	; 0
      00001F 00                      77 	.db #0x00	; 0
      000020 00                      78 	.db #0x00	; 0
      000021 00                      79 	.db #0x00	; 0
      000022 00                      80 	.db #0x00	; 0
      000023 00                      81 	.db #0x00	; 0
      000024 00                      82 	.db #0x00	; 0
      000025 00                      83 	.db #0x00	; 0
      000026 00                      84 	.db #0x00	; 0
      000027 00                      85 	.db #0x00	; 0
      000028 00                      86 	.db #0x00	; 0
      000029 00                      87 	.db #0x00	; 0
      00002A 00                      88 	.db #0x00	; 0
      00002B 00                      89 	.db #0x00	; 0
      00002C 00                      90 	.db #0x00	; 0
      00002D 00                      91 	.db #0x00	; 0
      00002E 00                      92 	.db #0x00	; 0
      00002F 00                      93 	.db #0x00	; 0
      000030 00                      94 	.db #0x00	; 0
      000031 00                      95 	.db #0x00	; 0
      000032 00                      96 	.db #0x00	; 0
      000033 00                      97 	.db #0x00	; 0
      000034 00                      98 	.db #0x00	; 0
      000035 00                      99 	.db #0x00	; 0
      000036 00                     100 	.db #0x00	; 0
      000037 00                     101 	.db #0x00	; 0
      000038 00                     102 	.db #0x00	; 0
      000039 00                     103 	.db #0x00	; 0
      00003A 00                     104 	.db #0x00	; 0
      00003B 00                     105 	.db #0x00	; 0
      00003C 00                     106 	.db #0x00	; 0
      00003D 00                     107 	.db #0x00	; 0
      00003E 00                     108 	.db #0x00	; 0
      00003F 00                     109 	.db #0x00	; 0
      000040 00                     110 	.db #0x00	; 0
      000041 00                     111 	.db #0x00	; 0
      000042 00                     112 	.db #0x00	; 0
      000043 00                     113 	.db #0x00	; 0
      000044 00                     114 	.db #0x00	; 0
      000045 00                     115 	.db #0x00	; 0
      000046 00                     116 	.db #0x00	; 0
      000047 00                     117 	.db #0x00	; 0
      000048 00                     118 	.db #0x00	; 0
      000049 00                     119 	.db #0x00	; 0
      00004A 00                     120 	.db #0x00	; 0
      00004B 00                     121 	.db #0x00	; 0
      00004C 00                     122 	.db #0x00	; 0
      00004D 00                     123 	.db #0x00	; 0
      00004E 00                     124 	.db #0x00	; 0
      00004F 00                     125 	.db #0x00	; 0
      000050 00                     126 	.db #0x00	; 0
      000051 00                     127 	.db #0x00	; 0
      000052 00                     128 	.db #0x00	; 0
      000053 00                     129 	.db #0x00	; 0
      000054 02                     130 	.db #0x02	; 2
      000055 03                     131 	.db #0x03	; 3
      000056 03                     132 	.db #0x03	; 3
      000057 03                     133 	.db #0x03	; 3
      000058 03                     134 	.db #0x03	; 3
      000059 03                     135 	.db #0x03	; 3
      00005A 03                     136 	.db #0x03	; 3
      00005B 03                     137 	.db #0x03	; 3
      00005C 03                     138 	.db #0x03	; 3
      00005D 03                     139 	.db #0x03	; 3
      00005E 03                     140 	.db #0x03	; 3
      00005F 04                     141 	.db #0x04	; 4
      000060 00                     142 	.db #0x00	; 0
      000061 00                     143 	.db #0x00	; 0
      000062 00                     144 	.db #0x00	; 0
      000063 00                     145 	.db #0x00	; 0
      000064 00                     146 	.db #0x00	; 0
      000065 00                     147 	.db #0x00	; 0
      000066 00                     148 	.db #0x00	; 0
      000067 00                     149 	.db #0x00	; 0
      000068 01                     150 	.db #0x01	; 1
      000069 00                     151 	.db #0x00	; 0
      00006A 00                     152 	.db #0x00	; 0
      00006B 00                     153 	.db #0x00	; 0
      00006C 00                     154 	.db #0x00	; 0
      00006D 00                     155 	.db #0x00	; 0
      00006E 00                     156 	.db #0x00	; 0
      00006F 00                     157 	.db #0x00	; 0
      000070 00                     158 	.db #0x00	; 0
      000071 00                     159 	.db #0x00	; 0
      000072 00                     160 	.db #0x00	; 0
      000073 05                     161 	.db #0x05	; 5
      000074 00                     162 	.db #0x00	; 0
      000075 00                     163 	.db #0x00	; 0
      000076 00                     164 	.db #0x00	; 0
      000077 00                     165 	.db #0x00	; 0
      000078 00                     166 	.db #0x00	; 0
      000079 00                     167 	.db #0x00	; 0
      00007A 00                     168 	.db #0x00	; 0
      00007B 00                     169 	.db #0x00	; 0
      00007C 01                     170 	.db #0x01	; 1
      00007D 00                     171 	.db #0x00	; 0
      00007E 00                     172 	.db #0x00	; 0
      00007F 00                     173 	.db #0x00	; 0
      000080 00                     174 	.db #0x00	; 0
      000081 00                     175 	.db #0x00	; 0
      000082 00                     176 	.db #0x00	; 0
      000083 00                     177 	.db #0x00	; 0
      000084 00                     178 	.db #0x00	; 0
      000085 00                     179 	.db #0x00	; 0
      000086 00                     180 	.db #0x00	; 0
      000087 05                     181 	.db #0x05	; 5
      000088 00                     182 	.db #0x00	; 0
      000089 00                     183 	.db #0x00	; 0
      00008A 00                     184 	.db #0x00	; 0
      00008B 00                     185 	.db #0x00	; 0
      00008C 00                     186 	.db #0x00	; 0
      00008D 00                     187 	.db #0x00	; 0
      00008E 00                     188 	.db #0x00	; 0
      00008F 00                     189 	.db #0x00	; 0
      000090 01                     190 	.db #0x01	; 1
      000091 00                     191 	.db #0x00	; 0
      000092 00                     192 	.db #0x00	; 0
      000093 00                     193 	.db #0x00	; 0
      000094 00                     194 	.db #0x00	; 0
      000095 00                     195 	.db #0x00	; 0
      000096 00                     196 	.db #0x00	; 0
      000097 00                     197 	.db #0x00	; 0
      000098 00                     198 	.db #0x00	; 0
      000099 00                     199 	.db #0x00	; 0
      00009A 00                     200 	.db #0x00	; 0
      00009B 05                     201 	.db #0x05	; 5
      00009C 00                     202 	.db #0x00	; 0
      00009D 00                     203 	.db #0x00	; 0
      00009E 00                     204 	.db #0x00	; 0
      00009F 00                     205 	.db #0x00	; 0
      0000A0 00                     206 	.db #0x00	; 0
      0000A1 00                     207 	.db #0x00	; 0
      0000A2 00                     208 	.db #0x00	; 0
      0000A3 00                     209 	.db #0x00	; 0
      0000A4 01                     210 	.db #0x01	; 1
      0000A5 00                     211 	.db #0x00	; 0
      0000A6 00                     212 	.db #0x00	; 0
      0000A7 00                     213 	.db #0x00	; 0
      0000A8 00                     214 	.db #0x00	; 0
      0000A9 00                     215 	.db #0x00	; 0
      0000AA 00                     216 	.db #0x00	; 0
      0000AB 00                     217 	.db #0x00	; 0
      0000AC 00                     218 	.db #0x00	; 0
      0000AD 00                     219 	.db #0x00	; 0
      0000AE 00                     220 	.db #0x00	; 0
      0000AF 05                     221 	.db #0x05	; 5
      0000B0 00                     222 	.db #0x00	; 0
      0000B1 00                     223 	.db #0x00	; 0
      0000B2 00                     224 	.db #0x00	; 0
      0000B3 00                     225 	.db #0x00	; 0
      0000B4 00                     226 	.db #0x00	; 0
      0000B5 00                     227 	.db #0x00	; 0
      0000B6 00                     228 	.db #0x00	; 0
      0000B7 00                     229 	.db #0x00	; 0
      0000B8 01                     230 	.db #0x01	; 1
      0000B9 00                     231 	.db #0x00	; 0
      0000BA 00                     232 	.db #0x00	; 0
      0000BB 00                     233 	.db #0x00	; 0
      0000BC 00                     234 	.db #0x00	; 0
      0000BD 00                     235 	.db #0x00	; 0
      0000BE 00                     236 	.db #0x00	; 0
      0000BF 00                     237 	.db #0x00	; 0
      0000C0 00                     238 	.db #0x00	; 0
      0000C1 00                     239 	.db #0x00	; 0
      0000C2 00                     240 	.db #0x00	; 0
      0000C3 05                     241 	.db #0x05	; 5
      0000C4 00                     242 	.db #0x00	; 0
      0000C5 00                     243 	.db #0x00	; 0
      0000C6 00                     244 	.db #0x00	; 0
      0000C7 00                     245 	.db #0x00	; 0
      0000C8 00                     246 	.db #0x00	; 0
      0000C9 00                     247 	.db #0x00	; 0
      0000CA 00                     248 	.db #0x00	; 0
      0000CB 00                     249 	.db #0x00	; 0
      0000CC 01                     250 	.db #0x01	; 1
      0000CD 00                     251 	.db #0x00	; 0
      0000CE 00                     252 	.db #0x00	; 0
      0000CF 00                     253 	.db #0x00	; 0
      0000D0 00                     254 	.db #0x00	; 0
      0000D1 00                     255 	.db #0x00	; 0
      0000D2 00                     256 	.db #0x00	; 0
      0000D3 00                     257 	.db #0x00	; 0
      0000D4 00                     258 	.db #0x00	; 0
      0000D5 00                     259 	.db #0x00	; 0
      0000D6 00                     260 	.db #0x00	; 0
      0000D7 05                     261 	.db #0x05	; 5
      0000D8 00                     262 	.db #0x00	; 0
      0000D9 00                     263 	.db #0x00	; 0
      0000DA 00                     264 	.db #0x00	; 0
      0000DB 00                     265 	.db #0x00	; 0
      0000DC 00                     266 	.db #0x00	; 0
      0000DD 00                     267 	.db #0x00	; 0
      0000DE 00                     268 	.db #0x00	; 0
      0000DF 00                     269 	.db #0x00	; 0
      0000E0 01                     270 	.db #0x01	; 1
      0000E1 00                     271 	.db #0x00	; 0
      0000E2 00                     272 	.db #0x00	; 0
      0000E3 00                     273 	.db #0x00	; 0
      0000E4 00                     274 	.db #0x00	; 0
      0000E5 00                     275 	.db #0x00	; 0
      0000E6 00                     276 	.db #0x00	; 0
      0000E7 00                     277 	.db #0x00	; 0
      0000E8 00                     278 	.db #0x00	; 0
      0000E9 00                     279 	.db #0x00	; 0
      0000EA 00                     280 	.db #0x00	; 0
      0000EB 05                     281 	.db #0x05	; 5
      0000EC 00                     282 	.db #0x00	; 0
      0000ED 00                     283 	.db #0x00	; 0
      0000EE 00                     284 	.db #0x00	; 0
      0000EF 00                     285 	.db #0x00	; 0
      0000F0 00                     286 	.db #0x00	; 0
      0000F1 00                     287 	.db #0x00	; 0
      0000F2 00                     288 	.db #0x00	; 0
      0000F3 00                     289 	.db #0x00	; 0
      0000F4 01                     290 	.db #0x01	; 1
      0000F5 00                     291 	.db #0x00	; 0
      0000F6 00                     292 	.db #0x00	; 0
      0000F7 00                     293 	.db #0x00	; 0
      0000F8 00                     294 	.db #0x00	; 0
      0000F9 00                     295 	.db #0x00	; 0
      0000FA 00                     296 	.db #0x00	; 0
      0000FB 00                     297 	.db #0x00	; 0
      0000FC 00                     298 	.db #0x00	; 0
      0000FD 00                     299 	.db #0x00	; 0
      0000FE 00                     300 	.db #0x00	; 0
      0000FF 05                     301 	.db #0x05	; 5
      000100 00                     302 	.db #0x00	; 0
      000101 00                     303 	.db #0x00	; 0
      000102 00                     304 	.db #0x00	; 0
      000103 00                     305 	.db #0x00	; 0
      000104 00                     306 	.db #0x00	; 0
      000105 00                     307 	.db #0x00	; 0
      000106 00                     308 	.db #0x00	; 0
      000107 00                     309 	.db #0x00	; 0
      000108 01                     310 	.db #0x01	; 1
      000109 00                     311 	.db #0x00	; 0
      00010A 00                     312 	.db #0x00	; 0
      00010B 00                     313 	.db #0x00	; 0
      00010C 00                     314 	.db #0x00	; 0
      00010D 00                     315 	.db #0x00	; 0
      00010E 00                     316 	.db #0x00	; 0
      00010F 00                     317 	.db #0x00	; 0
      000110 00                     318 	.db #0x00	; 0
      000111 00                     319 	.db #0x00	; 0
      000112 00                     320 	.db #0x00	; 0
      000113 05                     321 	.db #0x05	; 5
      000114 00                     322 	.db #0x00	; 0
      000115 00                     323 	.db #0x00	; 0
      000116 00                     324 	.db #0x00	; 0
      000117 00                     325 	.db #0x00	; 0
      000118 00                     326 	.db #0x00	; 0
      000119 00                     327 	.db #0x00	; 0
      00011A 00                     328 	.db #0x00	; 0
      00011B 00                     329 	.db #0x00	; 0
      00011C 01                     330 	.db #0x01	; 1
      00011D 00                     331 	.db #0x00	; 0
      00011E 00                     332 	.db #0x00	; 0
      00011F 00                     333 	.db #0x00	; 0
      000120 00                     334 	.db #0x00	; 0
      000121 00                     335 	.db #0x00	; 0
      000122 00                     336 	.db #0x00	; 0
      000123 00                     337 	.db #0x00	; 0
      000124 00                     338 	.db #0x00	; 0
      000125 00                     339 	.db #0x00	; 0
      000126 00                     340 	.db #0x00	; 0
      000127 05                     341 	.db #0x05	; 5
      000128 00                     342 	.db #0x00	; 0
      000129 00                     343 	.db #0x00	; 0
      00012A 00                     344 	.db #0x00	; 0
      00012B 00                     345 	.db #0x00	; 0
      00012C 00                     346 	.db #0x00	; 0
      00012D 00                     347 	.db #0x00	; 0
      00012E 00                     348 	.db #0x00	; 0
      00012F 00                     349 	.db #0x00	; 0
      000130 08                     350 	.db #0x08	; 8
      000131 07                     351 	.db #0x07	; 7
      000132 07                     352 	.db #0x07	; 7
      000133 07                     353 	.db #0x07	; 7
      000134 07                     354 	.db #0x07	; 7
      000135 07                     355 	.db #0x07	; 7
      000136 07                     356 	.db #0x07	; 7
      000137 07                     357 	.db #0x07	; 7
      000138 07                     358 	.db #0x07	; 7
      000139 07                     359 	.db #0x07	; 7
      00013A 07                     360 	.db #0x07	; 7
      00013B 06                     361 	.db #0x06	; 6
      00013C 00                     362 	.db #0x00	; 0
      00013D 00                     363 	.db #0x00	; 0
      00013E 00                     364 	.db #0x00	; 0
      00013F 00                     365 	.db #0x00	; 0
      000140 00                     366 	.db #0x00	; 0
      000141 00                     367 	.db #0x00	; 0
      000142 00                     368 	.db #0x00	; 0
      000143 00                     369 	.db #0x00	; 0
      000144 00                     370 	.db #0x00	; 0
      000145 00                     371 	.db #0x00	; 0
      000146 00                     372 	.db #0x00	; 0
      000147 00                     373 	.db #0x00	; 0
      000148 00                     374 	.db #0x00	; 0
      000149 00                     375 	.db #0x00	; 0
      00014A 00                     376 	.db #0x00	; 0
      00014B 00                     377 	.db #0x00	; 0
      00014C 00                     378 	.db #0x00	; 0
      00014D 00                     379 	.db #0x00	; 0
      00014E 00                     380 	.db #0x00	; 0
      00014F 00                     381 	.db #0x00	; 0
      000150 00                     382 	.db #0x00	; 0
      000151 00                     383 	.db #0x00	; 0
      000152 00                     384 	.db #0x00	; 0
      000153 00                     385 	.db #0x00	; 0
      000154 00                     386 	.db #0x00	; 0
      000155 00                     387 	.db #0x00	; 0
      000156 00                     388 	.db #0x00	; 0
      000157 00                     389 	.db #0x00	; 0
      000158 00                     390 	.db #0x00	; 0
      000159 00                     391 	.db #0x00	; 0
      00015A 00                     392 	.db #0x00	; 0
      00015B 00                     393 	.db #0x00	; 0
      00015C 00                     394 	.db #0x00	; 0
      00015D 00                     395 	.db #0x00	; 0
      00015E 00                     396 	.db #0x00	; 0
      00015F 00                     397 	.db #0x00	; 0
      000160 00                     398 	.db #0x00	; 0
      000161 00                     399 	.db #0x00	; 0
      000162 00                     400 	.db #0x00	; 0
      000163 00                     401 	.db #0x00	; 0
      000164 00                     402 	.db #0x00	; 0
      000165 00                     403 	.db #0x00	; 0
      000166 00                     404 	.db #0x00	; 0
      000167 00                     405 	.db #0x00	; 0
      000168 00                     406 	.db #0x00	; 0
      000169 00                     407 	.db #0x00	; 0
      00016A 00                     408 	.db #0x00	; 0
      00016B 00                     409 	.db #0x00	; 0
      00016C 00                     410 	.db #0x00	; 0
      00016D 00                     411 	.db #0x00	; 0
      00016E 00                     412 	.db #0x00	; 0
      00016F 00                     413 	.db #0x00	; 0
      000170 00                     414 	.db #0x00	; 0
      000171 00                     415 	.db #0x00	; 0
      000172 00                     416 	.db #0x00	; 0
      000173 00                     417 	.db #0x00	; 0
      000174 00                     418 	.db #0x00	; 0
      000175 00                     419 	.db #0x00	; 0
      000176 00                     420 	.db #0x00	; 0
      000177 00                     421 	.db #0x00	; 0
      000178 00                     422 	.db #0x00	; 0
      000179 00                     423 	.db #0x00	; 0
      00017A 00                     424 	.db #0x00	; 0
      00017B 00                     425 	.db #0x00	; 0
      00017C 00                     426 	.db #0x00	; 0
      00017D 00                     427 	.db #0x00	; 0
      00017E 00                     428 	.db #0x00	; 0
      00017F 00                     429 	.db #0x00	; 0
      000180 00                     430 	.db #0x00	; 0
      000181 00                     431 	.db #0x00	; 0
      000182 00                     432 	.db #0x00	; 0
      000183 00                     433 	.db #0x00	; 0
      000184 00                     434 	.db #0x00	; 0
      000185 00                     435 	.db #0x00	; 0
      000186 00                     436 	.db #0x00	; 0
      000187 00                     437 	.db #0x00	; 0
      000188 00                     438 	.db #0x00	; 0
      000189 00                     439 	.db #0x00	; 0
      00018A 00                     440 	.db #0x00	; 0
      00018B 00                     441 	.db #0x00	; 0
      00018C 00                     442 	.db #0x00	; 0
      00018D 00                     443 	.db #0x00	; 0
      00018E 00                     444 	.db #0x00	; 0
      00018F 00                     445 	.db #0x00	; 0
                                    446 	.area _INITIALIZER
                                    447 	.area _CABS (ABS)
